-------------------------------------------------------------------------------
Test set: com.valtech.Account.SpringAccountServiceApplicationTests
-------------------------------------------------------------------------------
Tests run: 1, Failures: 0, Errors: 1, Skipped: 0, Time elapsed: 4.071 s <<< FAILURE! - in com.valtech.Account.SpringAccountServiceApplicationTests
contextLoads  Time elapsed: 0.015 s  <<< ERROR!
java.lang.IllegalStateException: Failed to load ApplicationContext
Caused by: org.springframework.beans.factory.BeanCreationException: Error creating bean with name 'entityManagerFactory' defined in class path resource [org/springframework/boot/autoconfigure/orm/jpa/HibernateJpaConfiguration.class]: Invocation of init method failed; nested exception is org.hibernate.AnnotationException: mappedBy reference an unknown target entity property: com.valtech.Account.entity.Customer.Account in com.valtech.Account.entity.Account.customer
Caused by: org.hibernate.AnnotationException: mappedBy reference an unknown target entity property: com.valtech.Account.entity.Customer.Account in com.valtech.Account.entity.Account.customer

